2025-09-26 17:46:55,490 - INFO - Login to BRAIN successfully.
2025-09-26 17:46:55,490 - INFO - No one is in active simulation now
2025-09-26 17:46:56,057 - INFO - Loading new alpha...
2025-09-26 17:46:56,057 - INFO - Starting simulation for alpha: group_rank(ts_rank(fnd6_newqv1300_lltq, 66), densify(pv13_h_f1_sector)) with settings: {'instrumentType': 'EQUITY', 'region': 'USA', 'universe': 'TOP1000', 'delay': 1, 'decay': 0, 'neutralization': 'SUBINDUSTRY', 'truncation': 0.08, 'pasteurization': 'ON', 'unitHandling': 'VERIFY', 'nanHandling': 'OFF', 'language': 'FASTEXPR', 'visualization': False}
2025-09-26 17:47:00,936 - INFO - Total 1 simulations are in process for account victor000000@gmail.com.
2025-09-26 17:47:00,937 - INFO - Max concurrent simulations reached (1). Waiting 13 seconds
2025-09-26 17:47:16,209 - INFO - Total 1 simulations are in process for account victor000000@gmail.com.
2025-09-26 17:47:16,210 - INFO - Max concurrent simulations reached (1). Waiting 13 seconds
2025-09-26 17:47:31,778 - INFO - Total 1 simulations are in process for account victor000000@gmail.com.
2025-09-26 17:47:31,778 - INFO - Max concurrent simulations reached (1). Waiting 13 seconds
2025-09-26 17:47:47,396 - INFO - Total 1 simulations are in process for account victor000000@gmail.com.
2025-09-26 17:47:47,396 - INFO - Max concurrent simulations reached (1). Waiting 13 seconds
2025-09-26 17:48:03,389 - INFO - Total 1 simulations are in process for account victor000000@gmail.com.
2025-09-26 17:48:03,389 - INFO - Max concurrent simulations reached (1). Waiting 13 seconds
2025-09-26 17:48:20,916 - INFO - Total 1 simulations are in process for account victor000000@gmail.com.
2025-09-26 17:48:20,916 - INFO - Max concurrent simulations reached (1). Waiting 13 seconds
2025-09-26 17:48:40,155 - INFO - Alpha id: ZOE2o1j ended with status: UNSUBMITTED. Removing from active list.
2025-09-26 17:48:40,155 - INFO - Total 0 simulations are in process for account victor000000@gmail.com.
2025-09-26 17:48:40,155 - INFO - Loading new alpha...
2025-09-26 17:48:40,155 - INFO - Starting simulation for alpha: group_rank(ts_rank(fnd6_newqv1300_lltq, 252), market) with settings: {'instrumentType': 'EQUITY', 'region': 'USA', 'universe': 'TOP1000', 'delay': 1, 'decay': 0, 'neutralization': 'SUBINDUSTRY', 'truncation': 0.08, 'pasteurization': 'ON', 'unitHandling': 'VERIFY', 'nanHandling': 'OFF', 'language': 'FASTEXPR', 'visualization': False}
2025-09-26 17:48:44,062 - INFO - Total 1 simulations are in process for account victor000000@gmail.com.
2025-09-26 17:48:44,062 - INFO - Max concurrent simulations reached (1). Waiting 13 seconds
2025-09-26 17:48:59,910 - INFO - Total 1 simulations are in process for account victor000000@gmail.com.
2025-09-26 17:48:59,910 - INFO - Max concurrent simulations reached (1). Waiting 13 seconds
2025-09-26 17:49:16,163 - INFO - Total 1 simulations are in process for account victor000000@gmail.com.
2025-09-26 17:49:16,163 - INFO - Max concurrent simulations reached (1). Waiting 13 seconds
2025-09-26 17:49:31,799 - INFO - Total 1 simulations are in process for account victor000000@gmail.com.
2025-09-26 17:49:31,799 - INFO - Max concurrent simulations reached (1). Waiting 13 seconds
2025-09-26 17:49:47,962 - INFO - Total 1 simulations are in process for account victor000000@gmail.com.
2025-09-26 17:49:47,962 - INFO - Max concurrent simulations reached (1). Waiting 13 seconds
2025-09-26 17:50:06,041 - INFO - Alpha id: oxN3PEv ended with status: UNSUBMITTED. Removing from active list.
2025-09-26 17:50:06,041 - INFO - Total 0 simulations are in process for account victor000000@gmail.com.
2025-09-26 17:50:06,041 - INFO - Loading new alpha...
2025-09-26 17:50:06,041 - INFO - Starting simulation for alpha: group_rank(ts_rank(fnd6_newqv1300_lltq, 252), industry) with settings: {'instrumentType': 'EQUITY', 'region': 'USA', 'universe': 'TOP1000', 'delay': 1, 'decay': 0, 'neutralization': 'SUBINDUSTRY', 'truncation': 0.08, 'pasteurization': 'ON', 'unitHandling': 'VERIFY', 'nanHandling': 'OFF', 'language': 'FASTEXPR', 'visualization': False}
2025-09-26 17:50:11,278 - INFO - Total 1 simulations are in process for account victor000000@gmail.com.
2025-09-26 17:50:11,278 - INFO - Max concurrent simulations reached (1). Waiting 13 seconds
2025-09-26 17:50:27,673 - INFO - Total 1 simulations are in process for account victor000000@gmail.com.
2025-09-26 17:50:27,673 - INFO - Max concurrent simulations reached (1). Waiting 13 seconds
2025-09-26 17:50:44,131 - INFO - Total 1 simulations are in process for account victor000000@gmail.com.
2025-09-26 17:50:44,131 - INFO - Max concurrent simulations reached (1). Waiting 13 seconds
2025-09-26 17:50:59,513 - INFO - Total 1 simulations are in process for account victor000000@gmail.com.
2025-09-26 17:50:59,514 - INFO - Max concurrent simulations reached (1). Waiting 13 seconds
2025-09-26 17:51:17,441 - INFO - Total 1 simulations are in process for account victor000000@gmail.com.
2025-09-26 17:51:17,441 - INFO - Max concurrent simulations reached (1). Waiting 13 seconds
2025-09-26 17:51:33,890 - INFO - Total 1 simulations are in process for account victor000000@gmail.com.
2025-09-26 17:51:33,890 - INFO - Max concurrent simulations reached (1). Waiting 13 seconds
2025-09-26 17:51:50,996 - INFO - Total 1 simulations are in process for account victor000000@gmail.com.
2025-09-26 17:51:50,996 - INFO - Max concurrent simulations reached (1). Waiting 13 seconds
